G:\学习资料\C\WORKSPACE\LEETCODE\LEETCODE\DEBUG\LEETCODE.PCH
G:\学习资料\C\WORKSPACE\LEETCODE\LEETCODE\DEBUG\STDAFX.OBJ
G:\学习资料\C\WORKSPACE\LEETCODE\LEETCODE\DEBUG\VC110.PDB
G:\学习资料\C\WORKSPACE\LEETCODE\LEETCODE\DEBUG\LEETCODE.OBJ
G:\学习资料\C\WORKSPACE\LEETCODE\DEBUG\LEETCODE.ILK
G:\学习资料\C\WORKSPACE\LEETCODE\DEBUG\LEETCODE.EXE
G:\学习资料\C\WORKSPACE\LEETCODE\DEBUG\LEETCODE.PDB
G:\学习资料\C\WorkSpace\Leetcode\Leetcode\Debug\Leetcode.obj
G:\学习资料\C\WorkSpace\Leetcode\Leetcode\Debug\stdafx.obj
G:\学习资料\C\WorkSpace\Leetcode\Leetcode\Debug\cl.command.1.tlog
G:\学习资料\C\WorkSpace\Leetcode\Leetcode\Debug\CL.read.1.tlog
G:\学习资料\C\WorkSpace\Leetcode\Leetcode\Debug\CL.write.1.tlog
G:\学习资料\C\WorkSpace\Leetcode\Leetcode\Debug\link-cvtres.read.1.tlog
G:\学习资料\C\WorkSpace\Leetcode\Leetcode\Debug\link-cvtres.write.1.tlog
G:\学习资料\C\WorkSpace\Leetcode\Leetcode\Debug\link-rc.read.1.tlog
G:\学习资料\C\WorkSpace\Leetcode\Leetcode\Debug\link-rc.write.1.tlog
G:\学习资料\C\WorkSpace\Leetcode\Leetcode\Debug\link.command.1.tlog
G:\学习资料\C\WorkSpace\Leetcode\Leetcode\Debug\link.read.1.tlog
G:\学习资料\C\WorkSpace\Leetcode\Leetcode\Debug\link.write.1.tlog
G:\学习资料\C\WorkSpace\Leetcode\Leetcode\Debug\Leetcode.pch
G:\学习资料\C\WorkSpace\Leetcode\Leetcode\Debug\vc110.idb
G:\学习资料\C\WorkSpace\Leetcode\Leetcode\Debug\vc110.pdb
G:\学习资料\C\WorkSpace\Leetcode\Debug\Leetcode.pdb
G:\学习资料\C\WorkSpace\Leetcode\Debug\Leetcode.exe
G:\学习资料\C\WorkSpace\Leetcode\Debug\Leetcode.ilk
