G:\学习资料\C\WORKSPACE\JNI\JNI\X64\DEBUG\JNI.OBJ
G:\学习资料\C\WORKSPACE\JNI\JNI\X64\DEBUG\VC110.PDB
G:\学习资料\C\WorkSpace\JNI\x64\Debug\JNI.lib
G:\学习资料\C\WorkSpace\JNI\x64\Debug\JNI.exp
G:\学习资料\C\WORKSPACE\JNI\X64\DEBUG\JNI.ILK
G:\学习资料\C\WORKSPACE\JNI\X64\DEBUG\JNI.DLL
G:\学习资料\C\WORKSPACE\JNI\X64\DEBUG\JNI.PDB
G:\学习资料\C\WorkSpace\JNI\JNI\x64\Debug\JNI.obj
G:\学习资料\C\WorkSpace\JNI\JNI\x64\Debug\cl.command.1.tlog
G:\学习资料\C\WorkSpace\JNI\JNI\x64\Debug\CL.read.1.tlog
G:\学习资料\C\WorkSpace\JNI\JNI\x64\Debug\CL.write.1.tlog
G:\学习资料\C\WorkSpace\JNI\JNI\x64\Debug\JNI.write.1.tlog
G:\学习资料\C\WorkSpace\JNI\JNI\x64\Debug\link-cvtres.read.1.tlog
G:\学习资料\C\WorkSpace\JNI\JNI\x64\Debug\link-cvtres.write.1.tlog
G:\学习资料\C\WorkSpace\JNI\JNI\x64\Debug\link-rc.read.1.tlog
G:\学习资料\C\WorkSpace\JNI\JNI\x64\Debug\link-rc.write.1.tlog
G:\学习资料\C\WorkSpace\JNI\JNI\x64\Debug\link.23888-cvtres.read.1.tlog
G:\学习资料\C\WorkSpace\JNI\JNI\x64\Debug\link.23888-cvtres.write.1.tlog
G:\学习资料\C\WorkSpace\JNI\JNI\x64\Debug\link.23888-rc.read.1.tlog
G:\学习资料\C\WorkSpace\JNI\JNI\x64\Debug\link.23888-rc.write.1.tlog
G:\学习资料\C\WorkSpace\JNI\JNI\x64\Debug\link.23888.read.1.tlog
G:\学习资料\C\WorkSpace\JNI\JNI\x64\Debug\link.23888.write.1.tlog
G:\学习资料\C\WorkSpace\JNI\JNI\x64\Debug\link.command.1.tlog
G:\学习资料\C\WorkSpace\JNI\JNI\x64\Debug\link.read.1.tlog
G:\学习资料\C\WorkSpace\JNI\JNI\x64\Debug\link.write.1.tlog
G:\学习资料\C\WorkSpace\JNI\JNI\x64\Debug\vc110.idb
G:\学习资料\C\WorkSpace\JNI\JNI\x64\Debug\vc110.pdb
G:\学习资料\C\WorkSpace\JNI\x64\Debug\JNI.pdb
G:\学习资料\C\WorkSpace\JNI\x64\Debug\JNI.dll
G:\学习资料\C\WorkSpace\JNI\x64\Debug\JNI.ilk
